-----------------------------------
-----------------------------------
-----------------------------------
---------- ATENCAO: usar --exclusive na linha de comando
-----------------------------------
/var/spool/slurmd/job14495/slurm_script rodando no host  hostname
SLURM_JOB_NAME:  exp3
SLURM_NODELIST:  wz[11-12,15-16]
SLURM_JOB_NODELIST:  wz[11-12,15-16]
SLURM_JOB_CPUS_PER_NODE:  8(x4)
/var/spool/slurmd/job14495/slurm_script: line 23: module: command not found

===Particionamento COM ERROS===
Erro no elemento Output[0] = 156826049378712457 na partição [241248338836773344, 298028851196612308)
numElem = 8000000
mp_mpi_time deltaT(ns): 201298712 ns for 1 ops 
        ==> each op takes 201298712 ns
total_time_in_seconds: 0.201299 s
Throughput: 39741933.371139 OP/s

===Particionamento COM ERROS===
Erro no elemento Output[1] = 56676042076605633 na partição [241248338836773344, 298028851196612308)
numElem = 8000000
mp_mpi_time deltaT(ns): 190018717 ns for 1 ops 
        ==> each op takes 190018717 ns
total_time_in_seconds: 0.190019 s
Throughput: 42101115.754823 OP/s

===Particionamento COM ERROS===
Erro no elemento Output[2] = 224372849830711982 na partição [241248338836773344, 298028851196612308)
numElem = 8000000
mp_mpi_time deltaT(ns): 269944663 ns for 1 ops 
        ==> each op takes 269944663 ns
total_time_in_seconds: 0.269945 s
Throughput: 29635703.521947 OP/s

===Particionamento COM ERROS===
Erro no elemento Output[3] = 55477070791572749 na partição [241248338836773344, 298028851196612308)
numElem = 8000000
mp_mpi_time deltaT(ns): 203193437 ns for 1 ops 
        ==> each op takes 203193437 ns
total_time_in_seconds: 0.203193 s
Throughput: 39371350.365022 OP/s

===Particionamento COM ERROS===
Erro no elemento Output[4] = 82815818819685785 na partição [241248338836773344, 298028851196612308)
numElem = 8000000
mp_mpi_time deltaT(ns): 200375621 ns for 1 ops 
        ==> each op takes 200375621 ns
total_time_in_seconds: 0.200376 s
Throughput: 39925016.626648 OP/s

===Particionamento COM ERROS===
Erro no elemento Output[5] = 181798055931689501 na partição [241248338836773344, 298028851196612308)
numElem = 8000000
mp_mpi_time deltaT(ns): 188017903 ns for 1 ops 
        ==> each op takes 188017903 ns
total_time_in_seconds: 0.188018 s
Throughput: 42549139.589117 OP/s

===Particionamento COM ERROS===
Erro no elemento Output[6] = 102244497152152226 na partição [241248338836773344, 298028851196612308)
numElem = 8000000
mp_mpi_time deltaT(ns): 196110692 ns for 1 ops 
        ==> each op takes 196110692 ns
total_time_in_seconds: 0.196111 s
Throughput: 40793288.312909 OP/s

===Particionamento COM ERROS===
Erro no elemento Output[7] = 233575942625944598 na partição [241248338836773344, 298028851196612308)
numElem = 8000000
mp_mpi_time deltaT(ns): 187803980 ns for 1 ops 
        ==> each op takes 187803980 ns
total_time_in_seconds: 0.187804 s
Throughput: 42597606.291411 OP/s

===Particionamento COM ERROS===
Erro no elemento Output[8] = 85803946188353375 na partição [241248338836773344, 298028851196612308)
numElem = 8000000
mp_mpi_time deltaT(ns): 183971509 ns for 1 ops 
        ==> each op takes 183971509 ns
total_time_in_seconds: 0.183972 s
Throughput: 43484994.190051 OP/s

===Particionamento COM ERROS===
Erro no elemento Output[9] = 172503930560324357 na partição [241248338836773344, 298028851196612308)
numElem = 8000000
mp_mpi_time deltaT(ns): 186833047 ns for 1 ops 
        ==> each op takes 186833047 ns
total_time_in_seconds: 0.186833 s
Throughput: 42818977.308656 OP/s
O tempo total dessa shell foi de 2 segundos
SLURM_JOB_NAME:  exp3
SLURM_NODELIST:  wz[11-12,15-16]
SLURM_JOB_NODELIST:  wz[11-12,15-16]
SLURM_JOB_CPUS_PER_NODE:  8(x4)
             JOBID PARTITION     NAME     USER ST       TIME  NODES NODELIST(REASON)
             14495     debug     exp3   nobody  R       0:02      4 wz[11-12,15-16]
