-----------------------------------
-----------------------------------
-----------------------------------
---------- ATENCAO: usar --exclusive na linha de comando
-----------------------------------
/var/spool/slurmd/job14494/slurm_script rodando no host  hostname
SLURM_JOB_NAME:  exp2
SLURM_NODELIST:  wz[11-12]
SLURM_JOB_NODELIST:  wz[11-12]
SLURM_JOB_CPUS_PER_NODE:  8(x2)
/var/spool/slurmd/job14494/slurm_script: line 23: module: command not found

===Particionamento COM ERROS===
Erro no elemento Output[0] = 156826049378712457 na partição [241248338836773344, 298028851196612308)
numElem = 8000000
mp_mpi_time deltaT(ns): 266283513 ns for 1 ops 
        ==> each op takes 266283513 ns
total_time_in_seconds: 0.266284 s
Throughput: 30043166.810707 OP/s

===Particionamento COM ERROS===
Erro no elemento Output[1] = 56676042076605633 na partição [241248338836773344, 298028851196612308)
numElem = 8000000
mp_mpi_time deltaT(ns): 247681916 ns for 1 ops 
        ==> each op takes 247681916 ns
total_time_in_seconds: 0.247682 s
Throughput: 32299491.740043 OP/s

===Particionamento COM ERROS===
Erro no elemento Output[2] = 224372849830711982 na partição [241248338836773344, 298028851196612308)
numElem = 8000000
mp_mpi_time deltaT(ns): 263329575 ns for 1 ops 
        ==> each op takes 263329575 ns
total_time_in_seconds: 0.263330 s
Throughput: 30380180.425993 OP/s

===Particionamento COM ERROS===
Erro no elemento Output[3] = 55477070791572749 na partição [241248338836773344, 298028851196612308)
numElem = 8000000
mp_mpi_time deltaT(ns): 292710546 ns for 1 ops 
        ==> each op takes 292710546 ns
total_time_in_seconds: 0.292711 s
Throughput: 27330754.253043 OP/s

===Particionamento COM ERROS===
Erro no elemento Output[4] = 82815818819685785 na partição [241248338836773344, 298028851196612308)
numElem = 8000000
mp_mpi_time deltaT(ns): 244125528 ns for 1 ops 
        ==> each op takes 244125528 ns
total_time_in_seconds: 0.244126 s
Throughput: 32770026.410347 OP/s

===Particionamento COM ERROS===
Erro no elemento Output[5] = 181798055931689501 na partição [241248338836773344, 298028851196612308)
numElem = 8000000
mp_mpi_time deltaT(ns): 243686156 ns for 1 ops 
        ==> each op takes 243686156 ns
total_time_in_seconds: 0.243686 s
Throughput: 32829111.556095 OP/s

===Particionamento COM ERROS===
Erro no elemento Output[6] = 102244497152152226 na partição [241248338836773344, 298028851196612308)
numElem = 8000000
mp_mpi_time deltaT(ns): 248047814 ns for 1 ops 
        ==> each op takes 248047814 ns
total_time_in_seconds: 0.248048 s
Throughput: 32251846.412160 OP/s

===Particionamento COM ERROS===
Erro no elemento Output[7] = 233575942625944598 na partição [241248338836773344, 298028851196612308)
numElem = 8000000
mp_mpi_time deltaT(ns): 250201300 ns for 1 ops 
        ==> each op takes 250201300 ns
total_time_in_seconds: 0.250201 s
Throughput: 31974254.330413 OP/s

===Particionamento COM ERROS===
Erro no elemento Output[8] = 85803946188353375 na partição [241248338836773344, 298028851196612308)
numElem = 8000000
mp_mpi_time deltaT(ns): 262502026 ns for 1 ops 
        ==> each op takes 262502026 ns
total_time_in_seconds: 0.262502 s
Throughput: 30475955.259865 OP/s

===Particionamento COM ERROS===
Erro no elemento Output[9] = 172503930560324357 na partição [241248338836773344, 298028851196612308)
numElem = 8000000
mp_mpi_time deltaT(ns): 240264003 ns for 1 ops 
        ==> each op takes 240264003 ns
total_time_in_seconds: 0.240264 s
Throughput: 33296706.539931 OP/s
O tempo total dessa shell foi de 3 segundos
SLURM_JOB_NAME:  exp2
SLURM_NODELIST:  wz[11-12]
SLURM_JOB_NODELIST:  wz[11-12]
SLURM_JOB_CPUS_PER_NODE:  8(x2)
             JOBID PARTITION     NAME     USER ST       TIME  NODES NODELIST(REASON)
             14494     debug     exp2   nobody  R       0:03      2 wz[11-12]
