-----------------------------------
-----------------------------------
-----------------------------------
---------- ATENCAO: usar --exclusive na linha de comando
-----------------------------------
/var/spool/slurmd/job14492/slurm_script rodando no host  hostname
SLURM_JOB_NAME:  exp1
SLURM_NODELIST:  wz11
SLURM_JOB_NODELIST:  wz11
SLURM_JOB_CPUS_PER_NODE:  8
/var/spool/slurmd/job14492/slurm_script: line 23: module: command not found

===Particionamento CORRETO===
numElem = 8000000
mp_mpi_time deltaT(ns): 321942197 ns for 1 ops 
        ==> each op takes 321942197 ns
total_time_in_seconds: 0.321942 s
Throughput: 24849181.233611 OP/s

===Particionamento CORRETO===
numElem = 8000000
mp_mpi_time deltaT(ns): 272944835 ns for 1 ops 
        ==> each op takes 272944835 ns
total_time_in_seconds: 0.272945 s
Throughput: 29309951.954211 OP/s

===Particionamento CORRETO===
numElem = 8000000
mp_mpi_time deltaT(ns): 274798911 ns for 1 ops 
        ==> each op takes 274798911 ns
total_time_in_seconds: 0.274799 s
Throughput: 29112196.882032 OP/s

===Particionamento CORRETO===
numElem = 8000000
mp_mpi_time deltaT(ns): 275787655 ns for 1 ops 
        ==> each op takes 275787655 ns
total_time_in_seconds: 0.275788 s
Throughput: 29007824.878891 OP/s

===Particionamento CORRETO===
numElem = 8000000
mp_mpi_time deltaT(ns): 273936511 ns for 1 ops 
        ==> each op takes 273936511 ns
total_time_in_seconds: 0.273937 s
Throughput: 29203847.164426 OP/s

===Particionamento CORRETO===
numElem = 8000000
mp_mpi_time deltaT(ns): 274028701 ns for 1 ops 
        ==> each op takes 274028701 ns
total_time_in_seconds: 0.274029 s
Throughput: 29194022.271412 OP/s

===Particionamento CORRETO===
numElem = 8000000
mp_mpi_time deltaT(ns): 274214340 ns for 1 ops 
        ==> each op takes 274214340 ns
total_time_in_seconds: 0.274214 s
Throughput: 29174258.355708 OP/s

===Particionamento CORRETO===
numElem = 8000000
mp_mpi_time deltaT(ns): 274460111 ns for 1 ops 
        ==> each op takes 274460111 ns
total_time_in_seconds: 0.274460 s
Throughput: 29148133.660851 OP/s

===Particionamento CORRETO===
numElem = 8000000
mp_mpi_time deltaT(ns): 274738150 ns for 1 ops 
        ==> each op takes 274738150 ns
total_time_in_seconds: 0.274738 s
Throughput: 29118635.326037 OP/s

===Particionamento CORRETO===
numElem = 8000000
mp_mpi_time deltaT(ns): 273017330 ns for 1 ops 
        ==> each op takes 273017330 ns
total_time_in_seconds: 0.273017 s
Throughput: 29302169.206621 OP/s
O tempo total dessa shell foi de 4 segundos
SLURM_JOB_NAME:  exp1
SLURM_NODELIST:  wz11
SLURM_JOB_NODELIST:  wz11
SLURM_JOB_CPUS_PER_NODE:  8
             JOBID PARTITION     NAME     USER ST       TIME  NODES NODELIST(REASON)
             14492     debug     exp1   nobody  R       0:04      1 wz11
